[0.016s] Invoking command in '/home/futill/targer_ws/build/my_robot_pkg_msg': CMAKE_PREFIX_PATH=${CMAKE_PREFIX_PATH}:/home/futill/targer_ws/install/my_robot_pkg:/opt/ros/humble /usr/bin/cmake --build /home/futill/targer_ws/build/my_robot_pkg_msg -- -j8 -l8
[0.095s] [  6%] Built target my_robot_pkg_msg__cpp
[0.095s] [ 12%] Built target my_robot_pkg_msg__rosidl_generator_c
[0.112s] [ 12%] Built target ament_cmake_python_copy_my_robot_pkg_msg
[0.127s] [ 22%] Built target my_robot_pkg_msg__rosidl_typesupport_c
[0.132s] [ 32%] Built target my_robot_pkg_msg__rosidl_typesupport_introspection_c
[0.132s] [ 41%] Built target my_robot_pkg_msg__rosidl_typesupport_fastrtps_c
[0.140s] [ 51%] Built target my_robot_pkg_msg__rosidl_typesupport_fastrtps_cpp
[0.145s] [ 61%] Built target my_robot_pkg_msg__rosidl_typesupport_introspection_cpp
[0.147s] [ 70%] Built target my_robot_pkg_msg__rosidl_typesupport_cpp
[0.160s] Traceback (most recent call last):
[0.160s]   File "/home/futill/targer_ws/build/my_robot_pkg_msg/ament_cmake_python/my_robot_pkg_msg/setup.py", line 1, in <module>
[0.160s]     from setuptools import find_packages
[0.160s]   File "/usr/lib/python3/dist-packages/setuptools/__init__.py", line 10, in <module>
[0.162s] gmake[2]: *** [CMakeFiles/my_robot_pkg_msg.dir/build.make:144: CMakeFiles/my_robot_pkg_msg.dir/depend] Interrupt
[0.162s] gmake[1]: *** [CMakeFiles/Makefile2:186: CMakeFiles/my_robot_pkg_msg.dir/all] Interrupt
[0.162s]     import distutils.core
[0.162s]   File "/usr/lib/python3.10/distutils/core.py", line 16, in <module>
[0.163s]     from distutils.dist import Distribution
[0.163s]   File "/usr/lib/python3.10/distutils/dist.py", line 18, in <module>
[0.164s]     from distutils.fancy_getopt import FancyGetopt, translate_longopt
[0.164s]   File "/usr/lib/python3.10/distutils/fancy_getopt.py", line 23, in <module>
[0.165s]     neg_alias_re = re.compile("^(%s)=!(%s)$" % (longopt_pat, longopt_pat))
[0.165s]   File "/usr/lib/python3.10/re.py", line 251, in compile
[0.165s]     return _compile(pattern, flags)
[0.165s]   File "/usr/lib/python3.10/re.py", line 303, in _compile
[0.166s]     p = sre_compile.compile(pattern, flags)
[0.166s]   File "/usr/lib/python3.10/sre_compile.py", line 788, in compile
[0.168s]     p = sre_parse.parse(p, flags)
[0.168s]   File "/usr/lib/python3.10/sre_parse.py", line 955, in parse
[0.169s]     p = _parse_sub(source, state, flags & SRE_FLAG_VERBOSE, 0)
[0.169s]   File "/usr/lib/python3.10/sre_parse.py", line 444, in _parse_sub
[0.169s]     itemsappend(_parse(source, state, verbose, nested + 1,
[0.169s]   File "/usr/lib/python3.10/sre_parse.py", line 842, in _parse
[0.169s]     if not source.match(")"):
[0.170s]   File "/usr/lib/python3.10/sre_parse.py", line 252, in match
[0.170s]     self.__next()
[0.170s]   File "/usr/lib/python3.10/sre_parse.py", line 234, in __next
[0.170s]     def __next(self):
[0.170s] KeyboardInterrupt
[0.174s] gmake[2]: *** [CMakeFiles/ament_cmake_python_build_my_robot_pkg_msg_egg.dir/build.make:70: CMakeFiles/ament_cmake_python_build_my_robot_pkg_msg_egg] Interrupt
[0.175s] gmake[1]: *** [CMakeFiles/Makefile2:447: CMakeFiles/ament_cmake_python_build_my_robot_pkg_msg_egg.dir/all] Interrupt
[0.175s] gmake: *** [Makefile:146: all] Interrupt
[0.177s] Invoked command in '/home/futill/targer_ws/build/my_robot_pkg_msg' returned '-2': CMAKE_PREFIX_PATH=${CMAKE_PREFIX_PATH}:/home/futill/targer_ws/install/my_robot_pkg:/opt/ros/humble /usr/bin/cmake --build /home/futill/targer_ws/build/my_robot_pkg_msg -- -j8 -l8
